0 info it worked if it ends with ok
1 verbose cli [ '/usr/bin/node', '/usr/bin/npm', 'info' ]
2 info using npm@2.1.10
3 info using node@v0.10.33
4 silly mapToRegistry name exprimus-example
5 silly mapToRegistry using default registry
6 silly mapToRegistry registry https://registry.npmjs.org/
7 silly mapToRegistry uri https://registry.npmjs.org/exprimus-example
8 verbose request uri https://registry.npmjs.org/exprimus-example
9 verbose request no auth needed
10 info attempt registry request try #1 at 07:13:58
11 verbose request id e1230e2c13d8dd9a
12 http request GET https://registry.npmjs.org/exprimus-example
13 http 404 https://registry.npmjs.org/exprimus-example
14 verbose headers { date: 'Mon, 01 Dec 2014 05:13:59 GMT',
14 verbose headers   server: 'CouchDB/1.5.0 (Erlang OTP/R16B03)',
14 verbose headers   'content-type': 'application/json',
14 verbose headers   'cache-control': 'max-age=0',
14 verbose headers   'content-length': '52',
14 verbose headers   'accept-ranges': 'bytes',
14 verbose headers   via: '1.1 varnish',
14 verbose headers   age: '0',
14 verbose headers   'x-served-by': 'cache-fra1222-FRA',
14 verbose headers   'x-cache': 'MISS',
14 verbose headers   'x-cache-hits': '0',
14 verbose headers   'x-timer': 'S1417410838.873655,VS0,VE438',
14 verbose headers   'keep-alive': 'timeout=10, max=50',
14 verbose headers   connection: 'Keep-Alive' }
15 silly get cb [ 404,
15 silly get   { date: 'Mon, 01 Dec 2014 05:13:59 GMT',
15 silly get     server: 'CouchDB/1.5.0 (Erlang OTP/R16B03)',
15 silly get     'content-type': 'application/json',
15 silly get     'cache-control': 'max-age=0',
15 silly get     'content-length': '52',
15 silly get     'accept-ranges': 'bytes',
15 silly get     via: '1.1 varnish',
15 silly get     age: '0',
15 silly get     'x-served-by': 'cache-fra1222-FRA',
15 silly get     'x-cache': 'MISS',
15 silly get     'x-cache-hits': '0',
15 silly get     'x-timer': 'S1417410838.873655,VS0,VE438',
15 silly get     'keep-alive': 'timeout=10, max=50',
15 silly get     connection: 'Keep-Alive' } ]
16 verbose stack Error: 404 Not Found: exprimus-example
16 verbose stack     at CachingRegistryClient.<anonymous> (/usr/lib/node_modules/npm/node_modules/npm-registry-client/lib/request.js:232:14)
16 verbose stack     at Request._callback (/usr/lib/node_modules/npm/node_modules/npm-registry-client/lib/request.js:172:14)
16 verbose stack     at Request.self.callback (/usr/lib/node_modules/npm/node_modules/request/request.js:372:22)
16 verbose stack     at Request.emit (events.js:98:17)
16 verbose stack     at Request.<anonymous> (/usr/lib/node_modules/npm/node_modules/request/request.js:1317:14)
16 verbose stack     at Request.emit (events.js:117:20)
16 verbose stack     at IncomingMessage.<anonymous> (/usr/lib/node_modules/npm/node_modules/request/request.js:1265:12)
16 verbose stack     at IncomingMessage.emit (events.js:117:20)
16 verbose stack     at _stream_readable.js:943:16
16 verbose stack     at process._tickCallback (node.js:419:13)
17 verbose statusCode 404
18 verbose pkgid exprimus-example
19 verbose cwd /home/xananax/projects/exprimus/example
20 error Linux 3.17.3-1-ARCH
21 error argv "/usr/bin/node" "/usr/bin/npm" "info"
22 error node v0.10.33
23 error npm  v2.1.10
24 error code E404
25 error 404 Not Found: exprimus-example
25 error 404
25 error 404 'exprimus-example' is not in the npm registry.
25 error 404 You should bug the author to publish it (or use the name yourself!)
25 error 404
25 error 404 Note that you can also install from a
25 error 404 tarball, folder, http url, or git url.
26 verbose exit [ 1, true ]
